Command line invocation:
    /Applications/Xcode.app/Contents/Developer/usr/bin/xcodebuild -workspace /Users/marcosgiufrida/Projetos/GlassCare/ios/PersonalMediCare.xcworkspace -configuration Debug -scheme PersonalMediCare -destination id=C4CDFABA-15E7-4D8A-A27F-361CBDC37B6A

ComputePackagePrebuildTargetDependencyGraph

Prepare packages

CreateBuildRequest

SendProjectDescription

CreateBuildOperation

ComputeTargetDependencyGraph
note: Building targets in dependency order
note: Target dependency graph (1 target)
    Target 'PersonalMediCare' in project 'PersonalMediCare' (no dependencies)

GatherProvisioningInputs

CreateBuildDescription

ExecuteExternalTool /Applications/Xcode.app/Contents/Developer/usr/bin/ibtool --version --output-format xml1

ExecuteExternalTool /Applications/Xcode.app/Contents/Developer/Toolchains/XcodeDefault.xctoolchain/usr/bin/clang -v -E -dM -arch arm64 -isysroot /Applications/Xcode.app/Contents/Developer/Platforms/iPhoneSimulator.platform/Developer/SDKs/iPhoneSimulator18.5.sdk -x c -c /dev/null

ExecuteExternalTool /Applications/Xcode.app/Contents/Developer/Toolchains/XcodeDefault.xctoolchain/usr/bin/clang -v -E -dM -isysroot /Applications/Xcode.app/Contents/Developer/Platforms/iPhoneSimulator.platform/Developer/SDKs/iPhoneSimulator18.5.sdk -x c -c /dev/null

ExecuteExternalTool /Applications/Xcode.app/Contents/Developer/usr/bin/actool --print-asset-tag-combinations --output-format xml1 /Users/marcosgiufrida/Projetos/GlassCare/ios/PersonalMediCare/Images.xcassets

ExecuteExternalTool /Applications/Xcode.app/Contents/Developer/usr/bin/actool --version --output-format xml1

ExecuteExternalTool /Applications/Xcode.app/Contents/Developer/Toolchains/XcodeDefault.xctoolchain/usr/bin/swiftc --version

ExecuteExternalTool /Applications/Xcode.app/Contents/Developer/Toolchains/XcodeDefault.xctoolchain/usr/bin/ld -version_details

Build description signature: 54e9beac0da8c443238b975d4e34a5e9
Build description path: /Users/marcosgiufrida/Library/Developer/Xcode/DerivedData/PersonalMediCare-akiiatzxtxxrgtcezwlverfjozlw/Build/Intermediates.noindex/XCBuildData/54e9beac0da8c443238b975d4e34a5e9.xcbuilddata
/Users/marcosgiufrida/Projetos/GlassCare/ios/PersonalMediCare.xcodeproj:1:1: error: Unable to open base configuration reference file '/Users/marcosgiufrida/Projetos/GlassCare/ios/Pods/Target Support Files/Pods-PersonalMediCare/Pods-PersonalMediCare.debug.xcconfig'. (in target 'PersonalMediCare' from project 'PersonalMediCare')
note: Run script build phase '[Expo] Configure project' will be run during every build because the option to run the script phase "Based on dependency analysis" is unchecked. (in target 'PersonalMediCare' from project 'PersonalMediCare')
note: Run script build phase 'Bundle React Native code and images' will be run during every build because the option to run the script phase "Based on dependency analysis" is unchecked. (in target 'PersonalMediCare' from project 'PersonalMediCare')
